C:\Users\daria\OneDrive\Desktop\RiftCatchers - Data\champion_skins\Aatrox\Blood_Moon_Aatrox.jpg
C:\Users\daria\OneDrive\Desktop\RiftCatchers - Data\champion_skins\Aatrox\default.jpg
C:\Users\daria\OneDrive\Desktop\RiftCatchers - Data\champion_skins\Aatrox\DRX_Aatrox.jpg
C:\Users\daria\OneDrive\Desktop\RiftCatchers - Data\champion_skins\Aatrox\Justicar_Aatrox.jpg
C:\Users\daria\OneDrive\Desktop\RiftCatchers - Data\champion_skins\Aatrox\Lunar_Eclipse_Aatrox.jpg
C:\Users\daria\OneDrive\Desktop\RiftCatchers - Data\champion_skins\Aatrox\Mecha_Aatrox.jpg
C:\Users\daria\OneDrive\Desktop\RiftCatchers - Data\champion_skins\Aatrox\Odyssey_Aatrox.jpg
C:\Users\daria\OneDrive\Desktop\RiftCatchers - Data\champion_skins\Aatrox\Prestige_Blood_Moon_Aatrox.jpg
C:\Users\daria\OneDrive\Desktop\RiftCatchers - Data\champion_skins\Aatrox\Prestige_Blood_Moon_Aatrox_(2022).jpg
C:\Users\daria\OneDrive\Desktop\RiftCatchers - Data\champion_skins\Aatrox\Prestige_DRX_Aatrox.jpg
C:\Users\daria\OneDrive\Desktop\RiftCatchers - Data\champion_skins\Aatrox\Sea_Hunter_Aatrox.jpg
C:\Users\daria\OneDrive\Desktop\RiftCatchers - Data\champion_skins\Aatrox\Victorious_Aatrox.jpg
C:\Users\daria\OneDrive\Desktop\RiftCatchers - Data\champion_skins\Ahri\Academy_Ahri.jpg
C:\Users\daria\OneDrive\Desktop\RiftCatchers - Data\champion_skins\Ahri\Arcade_Ahri.jpg
C:\Users\daria\OneDrive\Desktop\RiftCatchers - Data\champion_skins\Ahri\Arcana_Ahri.jpg
C:\Users\daria\OneDrive\Desktop\RiftCatchers - Data\champion_skins\Ahri\Challenger_Ahri.jpg
C:\Users\daria\OneDrive\Desktop\RiftCatchers - Data\champion_skins\Ahri\Coven_Ahri.jpg
C:\Users\daria\OneDrive\Desktop\RiftCatchers - Data\champion_skins\Ahri\default.jpg
C:\Users\daria\OneDrive\Desktop\RiftCatchers - Data\champion_skins\Ahri\Dynasty_Ahri.jpg
C:\Users\daria\OneDrive\Desktop\RiftCatchers - Data\champion_skins\Ahri\Elderwood_Ahri.jpg
C:\Users\daria\OneDrive\Desktop\RiftCatchers - Data\champion_skins\Ahri\Foxfire_Ahri.jpg
C:\Users\daria\OneDrive\Desktop\RiftCatchers - Data\champion_skins\Ahri\K-DA_Ahri.jpg
C:\Users\daria\OneDrive\Desktop\RiftCatchers - Data\champion_skins\Ahri\K-DA_ALL_OUT_Ahri.jpg
C:\Users\daria\OneDrive\Desktop\RiftCatchers - Data\champion_skins\Ahri\Midnight_Ahri.jpg
C:\Users\daria\OneDrive\Desktop\RiftCatchers - Data\champion_skins\Ahri\Popstar_Ahri.jpg
C:\Users\daria\OneDrive\Desktop\RiftCatchers - Data\champion_skins\Ahri\Prestige_K-DA_Ahri.jpg
C:\Users\daria\OneDrive\Desktop\RiftCatchers - Data\champion_skins\Ahri\Prestige_K-DA_Ahri_(2022).jpg
C:\Users\daria\OneDrive\Desktop\RiftCatchers - Data\champion_skins\Ahri\Snow_Moon_Ahri.jpg
C:\Users\daria\OneDrive\Desktop\RiftCatchers - Data\champion_skins\Ahri\Spirit_Blossom_Ahri.jpg
C:\Users\daria\OneDrive\Desktop\RiftCatchers - Data\champion_skins\Ahri\Star_Guardian_Ahri.jpg
